<?xml version="1.0" encoding="UTF-8"?>
<!-- Generated by org.testng.reporters.JUnitXMLReporter -->
<testsuite hostname="Karthik-PC" name="Test" tests="1" failures="1" timestamp="24 Aug 2018 07:33:53 GMT" time="44.903" errors="0">
  <testcase name="feature" time="43.709" classname="runner.runner_1">
    <failure type="cucumber.runtime.CucumberException" message="java.lang.AssertionError: expected [Bmw 1 Series Under 1000 for sale | carsguide] but found [Bmw 1 Series Under 1000 for Sale | carsguide]">
      <![CDATA[cucumber.runtime.CucumberException: java.lang.AssertionError: expected [Bmw 1 Series Under 1000 for sale | carsguide] but found [Bmw 1 Series Under 1000 for Sale | carsguide]
	at cucumber.api.testng.TestNGCucumberRunner.runCucumber(TestNGCucumberRunner.java:69)
	at cucumber.api.testng.AbstractTestNGCucumberTests.feature(AbstractTestNGCucumberTests.java:21)
Caused by: java.lang.AssertionError: expected [Bmw 1 Series Under 1000 for sale | carsguide] but found [Bmw 1 Series Under 1000 for Sale | carsguide]
	at steps.SearchCar_Steps.page_title_should_be(SearchCar_Steps.java:79)
	at âœ½.And Page title should be "Bmw 1 Series Under 1000 for sale | carsguide"(SearchCar.feature:23)
... Removed 30 stack frames]]>
    </failure>
  </testcase> <!-- feature -->
</testsuite> <!-- Test -->
