<?xml version="1.0" encoding="UTF-8"?>
<!-- Generated by org.testng.reporters.JUnitXMLReporter -->
<testsuite hostname="Karthik-PC" name="Test" tests="2" failures="1" timestamp="25 Aug 2018 07:29:06 GMT" time="93.673" errors="0">
  <testcase name="feature" time="57.103" classname="runner.runner_1"/>
  <testcase name="feature" time="35.515" classname="runner.runner_1">
    <failure type="cucumber.runtime.CucumberException" message="java.lang.AssertionError: expected [Used Audi A6 Under 5000 for sale | carsguide] but found [Used Audi A6 Under 5000 for Sale | carsguide]">
      <![CDATA[cucumber.runtime.CucumberException: java.lang.AssertionError: expected [Used Audi A6 Under 5000 for sale | carsguide] but found [Used Audi A6 Under 5000 for Sale | carsguide]
	at cucumber.api.testng.TestNGCucumberRunner.runCucumber(TestNGCucumberRunner.java:69)
	at cucumber.api.testng.AbstractTestNGCucumberTests.feature(AbstractTestNGCucumberTests.java:21)
Caused by: java.lang.AssertionError: expected [Used Audi A6 Under 5000 for sale | carsguide] but found [Used Audi A6 Under 5000 for Sale | carsguide]
	at steps.SearchCar_Steps.page_title_should_be(SearchCar_Steps.java:80)
	at âœ½.And Page title should be "Used Audi A6 Under 5000 for sale | carsguide"(UsedCarsSearch.feature:26)
... Removed 33 stack frames]]>
    </failure>
  </testcase> <!-- feature -->
</testsuite> <!-- Test -->
