<?xml version="1.0" encoding="UTF-8"?>
<testng-results skipped="0" failed="1" total="2" passed="1">
  <reporter-output>
  </reporter-output>
  <suite name="Default suite" duration-ms="83739" started-at="2018-08-25T05:43:03Z" finished-at="2018-08-25T05:44:27Z">
    <groups>
      <group name="cucumber">
        <method signature="AbstractTestNGCucumberTests.feature(cucumber.api.testng.CucumberFeatureWrapper)[pri:0, instance:runner.runner_1@2f686d1f]" name="feature" class="cucumber.api.testng.AbstractTestNGCucumberTests"/>
      </group> <!-- cucumber -->
    </groups>
    <test name="Default test" duration-ms="83739" started-at="2018-08-25T05:43:03Z" finished-at="2018-08-25T05:44:27Z">
      <class name="runner.runner_1">
        <test-method status="PASS" signature="setUpClass()[pri:0, instance:runner.runner_1@2f686d1f]" name="setUpClass" is-config="true" duration-ms="411" started-at="2018-08-25T11:13:03Z" finished-at="2018-08-25T11:13:03Z">
          <reporter-output>
          </reporter-output>
        </test-method> <!-- setUpClass -->
        <test-method status="PASS" signature="setup()[pri:0, instance:runner.runner_1@2f686d1f]" name="setup" is-config="true" duration-ms="206" started-at="2018-08-25T11:13:03Z" finished-at="2018-08-25T11:13:04Z">
          <reporter-output>
          </reporter-output>
        </test-method> <!-- setup -->
        <test-method status="FAIL" signature="feature(cucumber.api.testng.CucumberFeatureWrapper)[pri:0, instance:runner.runner_1@2f686d1f]" name="feature" duration-ms="44853" started-at="2018-08-25T11:13:04Z" description="Runs Cucumber Feature" data-provider="features" finished-at="2018-08-25T11:13:49Z">
          <params>
            <param index="0">
              <value>
                <![CDATA[To validate the searchCar is displayed in CarsForSale and to ensure SearchCars is working fine]]>
              </value>
            </param>
          </params>
          <exception class="cucumber.runtime.CucumberException">
            <message>
              <![CDATA[java.lang.AssertionError: expected [Bmw 1 Series Under 1000 for sale | carsguide] but found [Bmw 1 Series Under 1000 for Sale | carsguide]]]>
            </message>
            <full-stacktrace>
              <![CDATA[cucumber.runtime.CucumberException: java.lang.AssertionError: expected [Bmw 1 Series Under 1000 for sale | carsguide] but found [Bmw 1 Series Under 1000 for Sale | carsguide]
	at cucumber.api.testng.TestNGCucumberRunner.runCucumber(TestNGCucumberRunner.java:69)
	at cucumber.api.testng.AbstractTestNGCucumberTests.feature(AbstractTestNGCucumberTests.java:21)
	at sun.reflect.NativeMethodAccessorImpl.invoke0(Native Method)
	at sun.reflect.NativeMethodAccessorImpl.invoke(NativeMethodAccessorImpl.java:62)
	at sun.reflect.DelegatingMethodAccessorImpl.invoke(DelegatingMethodAccessorImpl.java:43)
	at java.lang.reflect.Method.invoke(Method.java:497)
	at org.testng.internal.MethodInvocationHelper.invokeMethod(MethodInvocationHelper.java:86)
	at org.testng.internal.Invoker.invokeMethod(Invoker.java:643)
	at org.testng.internal.Invoker.invokeTestMethod(Invoker.java:820)
	at org.testng.internal.Invoker.invokeTestMethods(Invoker.java:1128)
	at org.testng.internal.TestMethodWorker.invokeTestMethods(TestMethodWorker.java:129)
	at org.testng.internal.TestMethodWorker.run(TestMethodWorker.java:112)
	at org.testng.TestRunner.privateRun(TestRunner.java:782)
	at org.testng.TestRunner.run(TestRunner.java:632)
	at org.testng.SuiteRunner.runTest(SuiteRunner.java:366)
	at org.testng.SuiteRunner.runSequentially(SuiteRunner.java:361)
	at org.testng.SuiteRunner.privateRun(SuiteRunner.java:319)
	at org.testng.SuiteRunner.run(SuiteRunner.java:268)
	at org.testng.SuiteRunnerWorker.runSuite(SuiteRunnerWorker.java:52)
	at org.testng.SuiteRunnerWorker.run(SuiteRunnerWorker.java:86)
	at org.testng.TestNG.runSuitesSequentially(TestNG.java:1244)
	at org.testng.TestNG.runSuitesLocally(TestNG.java:1169)
	at org.testng.TestNG.run(TestNG.java:1064)
	at org.testng.remote.AbstractRemoteTestNG.run(AbstractRemoteTestNG.java:114)
	at org.testng.remote.RemoteTestNG.initAndRun(RemoteTestNG.java:251)
	at org.testng.remote.RemoteTestNG.main(RemoteTestNG.java:77)
Caused by: java.lang.AssertionError: expected [Bmw 1 Series Under 1000 for sale | carsguide] but found [Bmw 1 Series Under 1000 for Sale | carsguide]
	at org.testng.Assert.fail(Assert.java:94)
	at org.testng.Assert.failNotEquals(Assert.java:513)
	at org.testng.Assert.assertEqualsImpl(Assert.java:135)
	at org.testng.Assert.assertEquals(Assert.java:116)
	at org.testng.Assert.assertEquals(Assert.java:190)
	at org.testng.Assert.assertEquals(Assert.java:200)
	at steps.SearchCar_Steps.page_title_should_be(SearchCar_Steps.java:80)
	at âœ½.And Page title should be "Bmw 1 Series Under 1000 for sale | carsguide"(SearchCar.feature:23)
]]>
            </full-stacktrace>
          </exception> <!-- cucumber.runtime.CucumberException -->
          <reporter-output>
          </reporter-output>
        </test-method> <!-- feature -->
        <test-method status="PASS" signature="feature(cucumber.api.testng.CucumberFeatureWrapper)[pri:0, instance:runner.runner_1@2f686d1f]" name="feature" duration-ms="37863" started-at="2018-08-25T11:13:49Z" description="Runs Cucumber Feature" data-provider="features" finished-at="2018-08-25T11:14:26Z">
          <params>
            <param index="0">
              <value>
                <![CDATA[To validate the UsedCarSearch is displayed in CarsForSale]]>
              </value>
            </param>
          </params>
          <reporter-output>
          </reporter-output>
        </test-method> <!-- feature -->
        <test-method status="PASS" signature="tearDownClass()[pri:0, instance:runner.runner_1@2f686d1f]" name="tearDownClass" is-config="true" duration-ms="254" started-at="2018-08-25T11:14:26Z" finished-at="2018-08-25T11:14:27Z">
          <reporter-output>
          </reporter-output>
        </test-method> <!-- tearDownClass -->
      </class> <!-- runner.runner_1 -->
    </test> <!-- Default test -->
  </suite> <!-- Default suite -->
</testng-results>
